2016-10-11 17:33:04 INFO  StudentDaoImpl:36 - Calling method getStudents method
2016-10-11 17:33:05 INFO  StudentDaoImpl:36 - Calling method getStudents method
2016-10-11 17:33:05 INFO  StudentDaoImpl:36 - Calling method getStudents method
2016-10-11 17:33:05 INFO  StudentDaoImpl:36 - Calling method getStudents method
2016-10-11 17:33:05 INFO  StudentDaoImpl:36 - Calling method getStudents method
2016-10-11 17:33:05 INFO  StudentDaoImpl:36 - Calling method getStudents method
2016-10-11 17:33:05 INFO  StudentDaoImpl:36 - Calling method getStudents method
2016-10-11 17:33:05 INFO  StudentDaoImpl:36 - Calling method getStudents method
2016-10-11 17:33:05 INFO  StudentDaoImpl:36 - Calling method getStudents method
2016-10-11 17:33:05 INFO  StudentDaoImpl:36 - Calling method getStudents method
2016-10-11 17:33:05 INFO  StudentDaoImpl:36 - Calling method getStudents method
2016-10-11 17:33:05 INFO  StudentDaoImpl:36 - Calling method getStudents method
2016-10-11 17:33:05 INFO  StudentDaoImpl:36 - Calling method getStudents method
2016-10-11 17:33:05 INFO  StudentDaoImpl:36 - Calling method getStudents method
2016-10-11 17:33:05 INFO  StudentDaoImpl:36 - Calling method getStudents method
2016-10-11 17:33:05 INFO  StudentDaoImpl:36 - Calling method getStudents method
2016-10-11 17:33:05 INFO  StudentDaoImpl:36 - Calling method getStudents method
2016-10-11 17:33:05 INFO  StudentDaoImpl:36 - Calling method getStudents method
2016-10-11 17:33:05 INFO  StudentDaoImpl:36 - Calling method getStudents method
2016-10-11 17:36:59 INFO  StudentDaoImpl:36 - Calling method getStudents method
2016-10-11 17:36:59 INFO  StudentDaoImpl:36 - Calling method getStudents method
2016-10-11 17:36:59 INFO  StudentDaoImpl:36 - Calling method getStudents method
2016-10-11 17:36:59 INFO  StudentDaoImpl:36 - Calling method getStudents method
2016-10-11 17:36:59 INFO  StudentDaoImpl:36 - Calling method getStudents method
2016-10-11 17:36:59 INFO  StudentDaoImpl:36 - Calling method getStudents method
2016-10-11 17:36:59 INFO  StudentDaoImpl:36 - Calling method getStudents method
2016-10-11 17:36:59 INFO  StudentDaoImpl:36 - Calling method getStudents method
2016-10-11 17:36:59 INFO  StudentDaoImpl:36 - Calling method getStudents method
2016-10-11 17:36:59 INFO  StudentDaoImpl:36 - Calling method getStudents method
2016-10-11 17:36:59 INFO  StudentDaoImpl:36 - Calling method getStudents method
2016-10-11 17:36:59 INFO  StudentDaoImpl:36 - Calling method getStudents method
2016-10-11 17:36:59 INFO  StudentDaoImpl:36 - Calling method getStudents method
2016-10-11 17:36:59 INFO  StudentDaoImpl:36 - Calling method getStudents method
2016-10-11 17:36:59 INFO  StudentDaoImpl:36 - Calling method getStudents method
2016-10-11 17:36:59 INFO  StudentDaoImpl:36 - Calling method getStudents method
2016-10-11 17:36:59 INFO  StudentDaoImpl:36 - Calling method getStudents method
2016-10-11 17:36:59 INFO  StudentDaoImpl:36 - Calling method getStudents method
2016-10-11 17:36:59 INFO  StudentDaoImpl:36 - Calling method getStudents method
2016-10-11 17:37:26 INFO  StudentDaoImpl:96 - Calling method updateStudent update student from DB
2016-10-11 17:37:26 ERROR StudentDaoImpl:107 - Student was not update from DB
2016-10-11 18:07:21 INFO  StudentDaoImpl:96 - Calling method updateStudent update student from DB
2016-10-11 18:10:24 INFO  StudentDaoImpl:96 - Calling method updateStudent update student from DB
2016-10-11 18:18:40 INFO  StudentDaoImpl:96 - Calling method updateStudent update student from DB
2016-10-11 18:20:31 INFO  StudentDaoImpl:96 - Calling method updateStudent update student from DB
2016-10-11 18:40:47 INFO  StudentDaoImpl:96 - Calling method updateStudent update student from DB
2016-10-11 18:42:25 INFO  StudentDaoImpl:96 - Calling method updateStudent update student from DB
2016-10-11 18:45:59 INFO  StudentDaoImpl:96 - Calling method updateStudent update student from DB
2016-10-11 18:46:55 INFO  StudentDaoImpl:96 - Calling method updateStudent update student from DB
2016-10-11 18:53:08 INFO  StudentDaoImpl:96 - Calling method updateStudent update student from DB
2016-10-11 18:53:58 INFO  StudentDaoImpl:36 - Calling method getStudents method
2016-10-11 18:53:58 ERROR StudentDaoImpl:48 - not connection Unknown column 'avg_score' in 'field list'
2016-10-11 18:54:26 INFO  StudentDaoImpl:96 - Calling method updateStudent update student from DB
2016-10-11 18:54:26 ERROR StudentDaoImpl:108 - Student was not update from DBUnknown column 'avg_score' in 'field list'
2016-10-11 18:54:43 INFO  StudentDaoImpl:36 - Calling method getStudents method
2016-10-11 18:54:43 ERROR StudentDaoImpl:48 - not connection Unknown column 'avg_score' in 'field list'
2016-10-11 19:00:18 INFO  StudentDaoImpl:36 - Calling method getStudents method
2016-10-11 19:00:19 INFO  StudentDaoImpl:36 - Calling method getStudents method
2016-10-11 19:00:19 INFO  StudentDaoImpl:36 - Calling method getStudents method
2016-10-11 19:00:19 INFO  StudentDaoImpl:36 - Calling method getStudents method
2016-10-11 19:00:19 INFO  StudentDaoImpl:36 - Calling method getStudents method
2016-10-11 19:00:19 INFO  StudentDaoImpl:36 - Calling method getStudents method
2016-10-11 19:00:19 INFO  StudentDaoImpl:36 - Calling method getStudents method
2016-10-11 19:00:19 INFO  StudentDaoImpl:36 - Calling method getStudents method
2016-10-11 19:00:19 INFO  StudentDaoImpl:36 - Calling method getStudents method
2016-10-11 19:00:19 INFO  StudentDaoImpl:36 - Calling method getStudents method
2016-10-11 19:00:19 INFO  StudentDaoImpl:36 - Calling method getStudents method
2016-10-11 19:00:19 INFO  StudentDaoImpl:36 - Calling method getStudents method
2016-10-11 19:00:19 INFO  StudentDaoImpl:36 - Calling method getStudents method
2016-10-11 19:00:19 INFO  StudentDaoImpl:36 - Calling method getStudents method
2016-10-11 19:00:19 INFO  StudentDaoImpl:36 - Calling method getStudents method
2016-10-11 19:00:19 INFO  StudentDaoImpl:36 - Calling method getStudents method
2016-10-11 19:00:19 INFO  StudentDaoImpl:36 - Calling method getStudents method
2016-10-11 19:00:19 INFO  StudentDaoImpl:36 - Calling method getStudents method
2016-10-11 19:00:19 INFO  StudentDaoImpl:36 - Calling method getStudents method
2016-10-11 19:01:57 INFO  StudentDaoImpl:36 - Calling method getStudents method
2016-10-11 19:01:57 INFO  StudentDaoImpl:36 - Calling method getStudents method
2016-10-11 19:01:57 INFO  StudentDaoImpl:36 - Calling method getStudents method
2016-10-11 19:01:57 INFO  StudentDaoImpl:36 - Calling method getStudents method
2016-10-11 19:01:57 INFO  StudentDaoImpl:36 - Calling method getStudents method
2016-10-11 19:01:57 INFO  StudentDaoImpl:36 - Calling method getStudents method
2016-10-11 19:01:57 INFO  StudentDaoImpl:36 - Calling method getStudents method
2016-10-11 19:01:57 INFO  StudentDaoImpl:36 - Calling method getStudents method
2016-10-11 19:01:57 INFO  StudentDaoImpl:36 - Calling method getStudents method
2016-10-11 19:01:57 INFO  StudentDaoImpl:36 - Calling method getStudents method
2016-10-11 19:01:57 INFO  StudentDaoImpl:36 - Calling method getStudents method
2016-10-11 19:01:57 INFO  StudentDaoImpl:36 - Calling method getStudents method
2016-10-11 19:01:57 INFO  StudentDaoImpl:36 - Calling method getStudents method
2016-10-11 19:01:57 INFO  StudentDaoImpl:36 - Calling method getStudents method
2016-10-11 19:01:57 INFO  StudentDaoImpl:36 - Calling method getStudents method
2016-10-11 19:01:57 INFO  StudentDaoImpl:36 - Calling method getStudents method
2016-10-11 19:01:57 INFO  StudentDaoImpl:36 - Calling method getStudents method
2016-10-11 19:01:57 INFO  StudentDaoImpl:36 - Calling method getStudents method
2016-10-11 19:01:57 INFO  StudentDaoImpl:36 - Calling method getStudents method
2016-10-11 19:07:58 INFO  StudentDaoImpl:36 - Calling method getStudents method
2016-10-11 19:07:58 INFO  StudentDaoImpl:36 - Calling method getStudents method
2016-10-11 19:07:58 INFO  StudentDaoImpl:36 - Calling method getStudents method
2016-10-11 19:07:58 INFO  StudentDaoImpl:36 - Calling method getStudents method
2016-10-11 19:07:58 INFO  StudentDaoImpl:36 - Calling method getStudents method
2016-10-11 19:07:58 INFO  StudentDaoImpl:36 - Calling method getStudents method
2016-10-11 19:07:59 INFO  StudentDaoImpl:36 - Calling method getStudents method
2016-10-11 19:07:59 INFO  StudentDaoImpl:36 - Calling method getStudents method
2016-10-11 19:07:59 INFO  StudentDaoImpl:36 - Calling method getStudents method
2016-10-11 19:07:59 INFO  StudentDaoImpl:36 - Calling method getStudents method
2016-10-11 19:07:59 INFO  StudentDaoImpl:36 - Calling method getStudents method
2016-10-11 19:07:59 INFO  StudentDaoImpl:36 - Calling method getStudents method
2016-10-11 19:07:59 INFO  StudentDaoImpl:36 - Calling method getStudents method
2016-10-11 19:07:59 INFO  StudentDaoImpl:36 - Calling method getStudents method
2016-10-11 19:07:59 INFO  StudentDaoImpl:36 - Calling method getStudents method
2016-10-11 19:07:59 INFO  StudentDaoImpl:36 - Calling method getStudents method
2016-10-11 19:07:59 INFO  StudentDaoImpl:36 - Calling method getStudents method
2016-10-11 19:07:59 INFO  StudentDaoImpl:36 - Calling method getStudents method
2016-10-11 19:07:59 INFO  StudentDaoImpl:36 - Calling method getStudents method
2016-10-11 19:12:05 INFO  StudentDaoImpl:36 - Calling method getStudents method
2016-10-11 19:12:05 INFO  StudentDaoImpl:36 - Calling method getStudents method
2016-10-11 19:12:05 INFO  StudentDaoImpl:36 - Calling method getStudents method
2016-10-11 19:12:05 INFO  StudentDaoImpl:36 - Calling method getStudents method
2016-10-11 19:12:05 INFO  StudentDaoImpl:36 - Calling method getStudents method
2016-10-11 19:12:05 INFO  StudentDaoImpl:36 - Calling method getStudents method
2016-10-11 19:12:05 INFO  StudentDaoImpl:36 - Calling method getStudents method
2016-10-11 19:12:05 INFO  StudentDaoImpl:36 - Calling method getStudents method
2016-10-11 19:12:05 INFO  StudentDaoImpl:36 - Calling method getStudents method
2016-10-11 19:12:05 INFO  StudentDaoImpl:36 - Calling method getStudents method
2016-10-11 19:12:05 INFO  StudentDaoImpl:36 - Calling method getStudents method
2016-10-11 19:12:05 INFO  StudentDaoImpl:36 - Calling method getStudents method
2016-10-11 19:12:05 INFO  StudentDaoImpl:36 - Calling method getStudents method
2016-10-11 19:12:05 INFO  StudentDaoImpl:36 - Calling method getStudents method
2016-10-11 19:12:05 INFO  StudentDaoImpl:36 - Calling method getStudents method
2016-10-11 19:12:05 INFO  StudentDaoImpl:36 - Calling method getStudents method
2016-10-11 19:12:05 INFO  StudentDaoImpl:36 - Calling method getStudents method
2016-10-11 19:12:05 INFO  StudentDaoImpl:36 - Calling method getStudents method
2016-10-11 19:12:05 INFO  StudentDaoImpl:36 - Calling method getStudents method
2016-10-11 19:13:34 INFO  StudentDaoImpl:36 - Calling method getStudents method
2016-10-11 19:13:34 INFO  StudentDaoImpl:36 - Calling method getStudents method
2016-10-11 19:13:34 INFO  StudentDaoImpl:36 - Calling method getStudents method
2016-10-11 19:13:34 INFO  StudentDaoImpl:36 - Calling method getStudents method
2016-10-11 19:13:34 INFO  StudentDaoImpl:36 - Calling method getStudents method
2016-10-11 19:13:34 INFO  StudentDaoImpl:36 - Calling method getStudents method
2016-10-11 19:13:34 INFO  StudentDaoImpl:36 - Calling method getStudents method
2016-10-11 19:13:34 INFO  StudentDaoImpl:36 - Calling method getStudents method
2016-10-11 19:13:34 INFO  StudentDaoImpl:36 - Calling method getStudents method
2016-10-11 19:13:34 INFO  StudentDaoImpl:36 - Calling method getStudents method
2016-10-11 19:13:34 INFO  StudentDaoImpl:36 - Calling method getStudents method
2016-10-11 19:13:34 INFO  StudentDaoImpl:36 - Calling method getStudents method
2016-10-11 19:13:34 INFO  StudentDaoImpl:36 - Calling method getStudents method
2016-10-11 19:13:34 INFO  StudentDaoImpl:36 - Calling method getStudents method
2016-10-11 19:13:34 INFO  StudentDaoImpl:36 - Calling method getStudents method
2016-10-11 19:13:34 INFO  StudentDaoImpl:36 - Calling method getStudents method
2016-10-11 19:13:34 INFO  StudentDaoImpl:36 - Calling method getStudents method
2016-10-11 19:13:35 INFO  StudentDaoImpl:36 - Calling method getStudents method
2016-10-11 19:13:35 INFO  StudentDaoImpl:36 - Calling method getStudents method
2016-10-11 19:14:10 INFO  StudentDaoImpl:96 - Calling method updateStudent update student from DB
2016-10-11 19:14:10 ERROR StudentDaoImpl:108 - Student was not update from DBData truncation: Truncated incorrect DOUBLE value: 'Ivanov'
2016-10-11 19:14:25 INFO  StudentDaoImpl:36 - Calling method getStudents method
2016-10-11 19:14:25 INFO  StudentDaoImpl:36 - Calling method getStudents method
2016-10-11 19:14:25 INFO  StudentDaoImpl:36 - Calling method getStudents method
2016-10-11 19:14:25 INFO  StudentDaoImpl:36 - Calling method getStudents method
2016-10-11 19:14:25 INFO  StudentDaoImpl:36 - Calling method getStudents method
2016-10-11 19:14:25 INFO  StudentDaoImpl:36 - Calling method getStudents method
2016-10-11 19:14:25 INFO  StudentDaoImpl:36 - Calling method getStudents method
2016-10-11 19:14:25 INFO  StudentDaoImpl:36 - Calling method getStudents method
2016-10-11 19:14:25 INFO  StudentDaoImpl:36 - Calling method getStudents method
2016-10-11 19:14:26 INFO  StudentDaoImpl:36 - Calling method getStudents method
2016-10-11 19:14:26 INFO  StudentDaoImpl:36 - Calling method getStudents method
2016-10-11 19:14:26 INFO  StudentDaoImpl:36 - Calling method getStudents method
2016-10-11 19:14:26 INFO  StudentDaoImpl:36 - Calling method getStudents method
2016-10-11 19:14:26 INFO  StudentDaoImpl:36 - Calling method getStudents method
2016-10-11 19:14:26 INFO  StudentDaoImpl:36 - Calling method getStudents method
2016-10-11 19:14:26 INFO  StudentDaoImpl:36 - Calling method getStudents method
2016-10-11 19:14:26 INFO  StudentDaoImpl:36 - Calling method getStudents method
2016-10-11 19:14:26 INFO  StudentDaoImpl:36 - Calling method getStudents method
2016-10-11 19:14:26 INFO  StudentDaoImpl:36 - Calling method getStudents method
2016-10-11 19:15:21 INFO  StudentDaoImpl:96 - Calling method updateStudent update student from DB
2016-10-11 19:32:42 INFO  StudentDaoImpl:36 - Calling method getStudents method
2016-10-11 19:33:52 INFO  StudentDaoImpl:96 - Calling method updateStudent update student from DB
2016-10-11 19:36:47 ERROR StudentDaoImpl:108 - Student was not update from DBData truncation: Truncated incorrect DOUBLE value: 'Ivanov'
2016-10-11 19:37:06 INFO  StudentDaoImpl:36 - Calling method getStudents method
2016-10-11 19:37:37 INFO  StudentDaoImpl:96 - Calling method updateStudent update student from DB
2016-10-11 19:38:25 ERROR StudentDaoImpl:108 - Student was not update from DBParameter index out of range (5 > number of parameters, which is 4).
2016-10-11 19:38:43 INFO  StudentDaoImpl:36 - Calling method getStudents method
2016-10-11 19:39:11 INFO  StudentDaoImpl:96 - Calling method updateStudent update student from DB
2016-10-11 19:42:30 ERROR StudentDaoImpl:108 - Student was not update from DBData truncation: Truncated incorrect DOUBLE value: 'Ivanov'
2016-10-11 19:42:45 INFO  StudentDaoImpl:36 - Calling method getStudents method
2016-10-11 19:43:42 INFO  StudentDaoImpl:96 - Calling method updateStudent update student from DB
2016-10-11 19:48:30 ERROR StudentDaoImpl:108 - Student was not update from DBData truncated for column 'avgScore' at row 1
2016-10-11 19:48:48 INFO  StudentDaoImpl:36 - Calling method getStudents method
2016-10-11 19:49:09 INFO  StudentDaoImpl:96 - Calling method updateStudent update student from DB
2016-10-11 19:49:09 ERROR StudentDaoImpl:108 - Student was not update from DBNo value specified for parameter 5
2016-10-11 19:49:27 INFO  StudentDaoImpl:36 - Calling method getStudents method
2016-10-11 19:49:27 INFO  StudentDaoImpl:36 - Calling method getStudents method
2016-10-11 19:49:27 INFO  StudentDaoImpl:36 - Calling method getStudents method
2016-10-11 19:49:27 INFO  StudentDaoImpl:36 - Calling method getStudents method
2016-10-11 19:49:27 INFO  StudentDaoImpl:36 - Calling method getStudents method
2016-10-11 19:49:27 INFO  StudentDaoImpl:36 - Calling method getStudents method
2016-10-11 19:49:27 INFO  StudentDaoImpl:36 - Calling method getStudents method
2016-10-11 19:49:27 INFO  StudentDaoImpl:36 - Calling method getStudents method
2016-10-11 19:49:27 INFO  StudentDaoImpl:36 - Calling method getStudents method
2016-10-11 19:49:27 INFO  StudentDaoImpl:36 - Calling method getStudents method
2016-10-11 19:49:27 INFO  StudentDaoImpl:36 - Calling method getStudents method
2016-10-11 19:49:27 INFO  StudentDaoImpl:36 - Calling method getStudents method
2016-10-11 19:49:27 INFO  StudentDaoImpl:36 - Calling method getStudents method
2016-10-11 19:49:27 INFO  StudentDaoImpl:36 - Calling method getStudents method
2016-10-11 19:49:27 INFO  StudentDaoImpl:36 - Calling method getStudents method
2016-10-11 19:49:27 INFO  StudentDaoImpl:36 - Calling method getStudents method
2016-10-11 19:49:27 INFO  StudentDaoImpl:36 - Calling method getStudents method
2016-10-11 19:49:27 INFO  StudentDaoImpl:36 - Calling method getStudents method
2016-10-11 19:49:27 INFO  StudentDaoImpl:36 - Calling method getStudents method
2016-10-11 19:49:48 INFO  StudentDaoImpl:36 - Calling method getStudents method
2016-10-11 19:50:10 INFO  StudentDaoImpl:96 - Calling method updateStudent update student from DB
2016-10-11 19:53:25 ERROR StudentDaoImpl:108 - Student was not update from DBNo value specified for parameter 5
2016-10-11 19:53:40 INFO  StudentDaoImpl:36 - Calling method getStudents method
2016-10-11 19:54:02 INFO  StudentDaoImpl:96 - Calling method updateStudent update student from DB
2016-10-11 19:54:10 INFO  StudentDaoImpl:36 - Calling method getStudents method
2016-10-11 19:54:10 INFO  StudentDaoImpl:36 - Calling method getStudents method
2016-10-11 19:54:10 INFO  StudentDaoImpl:36 - Calling method getStudents method
2016-10-11 19:54:10 INFO  StudentDaoImpl:36 - Calling method getStudents method
2016-10-11 19:54:10 INFO  StudentDaoImpl:36 - Calling method getStudents method
2016-10-11 19:54:10 INFO  StudentDaoImpl:36 - Calling method getStudents method
2016-10-11 19:54:10 INFO  StudentDaoImpl:36 - Calling method getStudents method
2016-10-11 19:54:10 INFO  StudentDaoImpl:36 - Calling method getStudents method
2016-10-11 19:54:10 INFO  StudentDaoImpl:36 - Calling method getStudents method
2016-10-11 19:54:10 INFO  StudentDaoImpl:36 - Calling method getStudents method
2016-10-11 19:54:10 INFO  StudentDaoImpl:36 - Calling method getStudents method
2016-10-11 19:54:10 INFO  StudentDaoImpl:36 - Calling method getStudents method
2016-10-11 19:54:10 INFO  StudentDaoImpl:36 - Calling method getStudents method
2016-10-11 19:54:10 INFO  StudentDaoImpl:36 - Calling method getStudents method
2016-10-11 19:54:10 INFO  StudentDaoImpl:36 - Calling method getStudents method
2016-10-11 19:54:10 INFO  StudentDaoImpl:36 - Calling method getStudents method
2016-10-11 19:54:10 INFO  StudentDaoImpl:36 - Calling method getStudents method
2016-10-11 19:54:10 INFO  StudentDaoImpl:36 - Calling method getStudents method
2016-10-11 19:54:10 INFO  StudentDaoImpl:36 - Calling method getStudents method
2016-10-11 19:56:19 INFO  StudentDaoImpl:36 - Calling method getStudents method
2016-10-11 19:56:42 INFO  StudentDaoImpl:96 - Calling method updateStudent update student from DB
2016-10-11 19:56:42 ERROR StudentDaoImpl:108 - Student was not update from DBParameter index out of range (5 > number of parameters, which is 4).
2016-10-11 19:56:50 INFO  StudentDaoImpl:36 - Calling method getStudents method
2016-10-11 19:56:50 INFO  StudentDaoImpl:36 - Calling method getStudents method
2016-10-11 19:56:50 INFO  StudentDaoImpl:36 - Calling method getStudents method
2016-10-11 19:56:50 INFO  StudentDaoImpl:36 - Calling method getStudents method
2016-10-11 19:56:50 INFO  StudentDaoImpl:36 - Calling method getStudents method
2016-10-11 19:56:50 INFO  StudentDaoImpl:36 - Calling method getStudents method
2016-10-11 19:56:50 INFO  StudentDaoImpl:36 - Calling method getStudents method
2016-10-11 19:56:50 INFO  StudentDaoImpl:36 - Calling method getStudents method
2016-10-11 19:56:50 INFO  StudentDaoImpl:36 - Calling method getStudents method
2016-10-11 19:56:50 INFO  StudentDaoImpl:36 - Calling method getStudents method
2016-10-11 19:56:50 INFO  StudentDaoImpl:36 - Calling method getStudents method
2016-10-11 19:56:50 INFO  StudentDaoImpl:36 - Calling method getStudents method
2016-10-11 19:56:50 INFO  StudentDaoImpl:36 - Calling method getStudents method
2016-10-11 19:56:50 INFO  StudentDaoImpl:36 - Calling method getStudents method
2016-10-11 19:56:51 INFO  StudentDaoImpl:36 - Calling method getStudents method
2016-10-11 19:56:51 INFO  StudentDaoImpl:36 - Calling method getStudents method
2016-10-11 19:56:51 INFO  StudentDaoImpl:36 - Calling method getStudents method
2016-10-11 19:56:51 INFO  StudentDaoImpl:36 - Calling method getStudents method
2016-10-11 19:56:51 INFO  StudentDaoImpl:36 - Calling method getStudents method
2016-10-11 19:57:31 INFO  StudentDaoImpl:36 - Calling method getStudents method
2016-10-11 19:58:01 INFO  StudentDaoImpl:96 - Calling method updateStudent update student from DB
2016-10-11 19:58:01 ERROR StudentDaoImpl:108 - Student was not update from DBParameter index out of range (5 > number of parameters, which is 4).
2016-10-11 19:58:10 INFO  StudentDaoImpl:36 - Calling method getStudents method
2016-10-11 19:58:10 INFO  StudentDaoImpl:36 - Calling method getStudents method
2016-10-11 19:58:10 INFO  StudentDaoImpl:36 - Calling method getStudents method
2016-10-11 19:58:10 INFO  StudentDaoImpl:36 - Calling method getStudents method
2016-10-11 19:58:10 INFO  StudentDaoImpl:36 - Calling method getStudents method
2016-10-11 19:58:10 INFO  StudentDaoImpl:36 - Calling method getStudents method
2016-10-11 19:58:10 INFO  StudentDaoImpl:36 - Calling method getStudents method
2016-10-11 19:58:10 INFO  StudentDaoImpl:36 - Calling method getStudents method
2016-10-11 19:58:10 INFO  StudentDaoImpl:36 - Calling method getStudents method
2016-10-11 19:58:10 INFO  StudentDaoImpl:36 - Calling method getStudents method
2016-10-11 19:58:10 INFO  StudentDaoImpl:36 - Calling method getStudents method
2016-10-11 19:58:10 INFO  StudentDaoImpl:36 - Calling method getStudents method
2016-10-11 19:58:10 INFO  StudentDaoImpl:36 - Calling method getStudents method
2016-10-11 19:58:10 INFO  StudentDaoImpl:36 - Calling method getStudents method
2016-10-11 19:58:10 INFO  StudentDaoImpl:36 - Calling method getStudents method
2016-10-11 19:58:10 INFO  StudentDaoImpl:36 - Calling method getStudents method
2016-10-11 19:58:10 INFO  StudentDaoImpl:36 - Calling method getStudents method
2016-10-11 19:58:10 INFO  StudentDaoImpl:36 - Calling method getStudents method
2016-10-11 19:58:10 INFO  StudentDaoImpl:36 - Calling method getStudents method
2016-10-11 19:58:20 INFO  StudentDaoImpl:36 - Calling method getStudents method
2016-10-11 19:58:39 INFO  StudentDaoImpl:96 - Calling method updateStudent update student from DB
2016-10-11 19:58:39 ERROR StudentDaoImpl:108 - Student was not update from DBParameter index out of range (5 > number of parameters, which is 4).
2016-10-11 19:58:48 INFO  StudentDaoImpl:36 - Calling method getStudents method
2016-10-11 19:58:48 INFO  StudentDaoImpl:36 - Calling method getStudents method
2016-10-11 19:58:48 INFO  StudentDaoImpl:36 - Calling method getStudents method
2016-10-11 19:58:48 INFO  StudentDaoImpl:36 - Calling method getStudents method
2016-10-11 19:58:48 INFO  StudentDaoImpl:36 - Calling method getStudents method
2016-10-11 19:58:48 INFO  StudentDaoImpl:36 - Calling method getStudents method
2016-10-11 19:58:48 INFO  StudentDaoImpl:36 - Calling method getStudents method
2016-10-11 19:58:48 INFO  StudentDaoImpl:36 - Calling method getStudents method
2016-10-11 19:58:48 INFO  StudentDaoImpl:36 - Calling method getStudents method
2016-10-11 19:58:48 INFO  StudentDaoImpl:36 - Calling method getStudents method
2016-10-11 19:58:48 INFO  StudentDaoImpl:36 - Calling method getStudents method
2016-10-11 19:58:48 INFO  StudentDaoImpl:36 - Calling method getStudents method
2016-10-11 19:58:48 INFO  StudentDaoImpl:36 - Calling method getStudents method
2016-10-11 19:58:48 INFO  StudentDaoImpl:36 - Calling method getStudents method
2016-10-11 19:58:48 INFO  StudentDaoImpl:36 - Calling method getStudents method
2016-10-11 19:58:48 INFO  StudentDaoImpl:36 - Calling method getStudents method
2016-10-11 19:58:48 INFO  StudentDaoImpl:36 - Calling method getStudents method
2016-10-11 19:58:48 INFO  StudentDaoImpl:36 - Calling method getStudents method
2016-10-11 19:58:48 INFO  StudentDaoImpl:36 - Calling method getStudents method
2016-10-11 19:59:54 INFO  StudentDaoImpl:36 - Calling method getStudents method
2016-10-11 20:00:13 INFO  StudentDaoImpl:96 - Calling method updateStudent update student from DB
2016-10-11 20:00:20 INFO  StudentDaoImpl:36 - Calling method getStudents method
2016-10-11 20:00:20 INFO  StudentDaoImpl:36 - Calling method getStudents method
2016-10-11 20:00:20 INFO  StudentDaoImpl:36 - Calling method getStudents method
2016-10-11 20:00:20 INFO  StudentDaoImpl:36 - Calling method getStudents method
2016-10-11 20:00:20 INFO  StudentDaoImpl:36 - Calling method getStudents method
2016-10-11 20:00:20 INFO  StudentDaoImpl:36 - Calling method getStudents method
2016-10-11 20:00:20 INFO  StudentDaoImpl:36 - Calling method getStudents method
2016-10-11 20:00:20 INFO  StudentDaoImpl:36 - Calling method getStudents method
2016-10-11 20:00:20 INFO  StudentDaoImpl:36 - Calling method getStudents method
2016-10-11 20:00:20 INFO  StudentDaoImpl:36 - Calling method getStudents method
2016-10-11 20:00:20 INFO  StudentDaoImpl:36 - Calling method getStudents method
2016-10-11 20:00:20 INFO  StudentDaoImpl:36 - Calling method getStudents method
2016-10-11 20:00:20 INFO  StudentDaoImpl:36 - Calling method getStudents method
2016-10-11 20:00:20 INFO  StudentDaoImpl:36 - Calling method getStudents method
2016-10-11 20:00:20 INFO  StudentDaoImpl:36 - Calling method getStudents method
2016-10-11 20:00:20 INFO  StudentDaoImpl:36 - Calling method getStudents method
2016-10-11 20:00:20 INFO  StudentDaoImpl:36 - Calling method getStudents method
2016-10-11 20:00:20 INFO  StudentDaoImpl:36 - Calling method getStudents method
2016-10-11 20:00:20 INFO  StudentDaoImpl:36 - Calling method getStudents method
2016-10-11 20:14:26 INFO  StudentDaoImpl:36 - Calling method getStudents method
2016-10-11 20:14:26 INFO  StudentDaoImpl:36 - Calling method getStudents method
2016-10-11 20:14:26 INFO  StudentDaoImpl:36 - Calling method getStudents method
2016-10-11 20:14:26 INFO  StudentDaoImpl:36 - Calling method getStudents method
2016-10-11 20:14:26 INFO  StudentDaoImpl:36 - Calling method getStudents method
2016-10-11 20:14:26 INFO  StudentDaoImpl:36 - Calling method getStudents method
2016-10-11 20:14:26 INFO  StudentDaoImpl:36 - Calling method getStudents method
2016-10-11 20:14:26 INFO  StudentDaoImpl:36 - Calling method getStudents method
2016-10-11 20:14:26 INFO  StudentDaoImpl:36 - Calling method getStudents method
2016-10-11 20:14:26 INFO  StudentDaoImpl:36 - Calling method getStudents method
2016-10-11 20:14:26 INFO  StudentDaoImpl:36 - Calling method getStudents method
2016-10-11 20:14:26 INFO  StudentDaoImpl:36 - Calling method getStudents method
2016-10-11 20:14:26 INFO  StudentDaoImpl:36 - Calling method getStudents method
2016-10-11 20:14:26 INFO  StudentDaoImpl:36 - Calling method getStudents method
2016-10-11 20:14:26 INFO  StudentDaoImpl:36 - Calling method getStudents method
2016-10-11 20:14:26 INFO  StudentDaoImpl:36 - Calling method getStudents method
2016-10-11 20:14:26 INFO  StudentDaoImpl:36 - Calling method getStudents method
2016-10-11 20:14:26 INFO  StudentDaoImpl:36 - Calling method getStudents method
2016-10-11 20:14:26 INFO  StudentDaoImpl:36 - Calling method getStudents method
2016-10-11 20:14:45 INFO  StudentDaoImpl:36 - Calling method getStudents method
2016-10-11 20:15:15 INFO  StudentDaoImpl:96 - Calling method updateStudent update student from DB
2016-10-11 20:16:02 INFO  StudentDaoImpl:36 - Calling method getStudents method
2016-10-11 20:16:02 INFO  StudentDaoImpl:36 - Calling method getStudents method
2016-10-11 20:16:02 INFO  StudentDaoImpl:36 - Calling method getStudents method
2016-10-11 20:16:02 INFO  StudentDaoImpl:36 - Calling method getStudents method
2016-10-11 20:16:02 INFO  StudentDaoImpl:36 - Calling method getStudents method
2016-10-11 20:16:02 INFO  StudentDaoImpl:36 - Calling method getStudents method
2016-10-11 20:16:02 INFO  StudentDaoImpl:36 - Calling method getStudents method
2016-10-11 20:16:03 INFO  StudentDaoImpl:36 - Calling method getStudents method
2016-10-11 20:16:03 INFO  StudentDaoImpl:36 - Calling method getStudents method
2016-10-11 20:16:03 INFO  StudentDaoImpl:36 - Calling method getStudents method
2016-10-11 20:16:03 INFO  StudentDaoImpl:36 - Calling method getStudents method
2016-10-11 20:16:03 INFO  StudentDaoImpl:36 - Calling method getStudents method
2016-10-11 20:16:03 INFO  StudentDaoImpl:36 - Calling method getStudents method
2016-10-11 20:16:03 INFO  StudentDaoImpl:36 - Calling method getStudents method
2016-10-11 20:16:03 INFO  StudentDaoImpl:36 - Calling method getStudents method
2016-10-11 20:16:03 INFO  StudentDaoImpl:36 - Calling method getStudents method
2016-10-11 20:16:03 INFO  StudentDaoImpl:36 - Calling method getStudents method
2016-10-11 20:16:03 INFO  StudentDaoImpl:36 - Calling method getStudents method
2016-10-11 20:16:03 INFO  StudentDaoImpl:36 - Calling method getStudents method
2016-10-11 20:20:02 INFO  StudentDaoImpl:36 - Calling method getStudents method
2016-10-11 20:29:29 INFO  StudentDaoImpl:36 - Calling method getStudents method
2016-10-11 20:29:49 INFO  StudentDaoImpl:96 - Calling method updateStudent update student from DB
2016-10-11 20:29:58 INFO  StudentDaoImpl:36 - Calling method getStudents method
2016-10-11 20:29:58 INFO  StudentDaoImpl:36 - Calling method getStudents method
2016-10-11 20:29:58 INFO  StudentDaoImpl:36 - Calling method getStudents method
2016-10-11 20:29:58 INFO  StudentDaoImpl:36 - Calling method getStudents method
2016-10-11 20:29:58 INFO  StudentDaoImpl:36 - Calling method getStudents method
2016-10-11 20:29:58 INFO  StudentDaoImpl:36 - Calling method getStudents method
2016-10-11 20:29:58 INFO  StudentDaoImpl:36 - Calling method getStudents method
2016-10-11 20:29:58 INFO  StudentDaoImpl:36 - Calling method getStudents method
2016-10-11 20:29:58 INFO  StudentDaoImpl:36 - Calling method getStudents method
2016-10-11 20:29:58 INFO  StudentDaoImpl:36 - Calling method getStudents method
2016-10-11 20:29:58 INFO  StudentDaoImpl:36 - Calling method getStudents method
2016-10-11 20:29:58 INFO  StudentDaoImpl:36 - Calling method getStudents method
2016-10-11 20:29:58 INFO  StudentDaoImpl:36 - Calling method getStudents method
2016-10-11 20:29:58 INFO  StudentDaoImpl:36 - Calling method getStudents method
2016-10-11 20:29:58 INFO  StudentDaoImpl:36 - Calling method getStudents method
2016-10-11 20:29:58 INFO  StudentDaoImpl:36 - Calling method getStudents method
2016-10-11 20:29:58 INFO  StudentDaoImpl:36 - Calling method getStudents method
2016-10-11 20:29:58 INFO  StudentDaoImpl:36 - Calling method getStudents method
2016-10-11 20:29:58 INFO  StudentDaoImpl:36 - Calling method getStudents method
2016-10-11 20:30:47 INFO  StudentDaoImpl:36 - Calling method getStudents method
2016-10-11 20:31:10 INFO  StudentDaoImpl:96 - Calling method updateStudent update student from DB
2016-10-11 20:31:22 INFO  StudentDaoImpl:36 - Calling method getStudents method
2016-10-11 20:31:22 INFO  StudentDaoImpl:36 - Calling method getStudents method
2016-10-11 20:31:22 INFO  StudentDaoImpl:36 - Calling method getStudents method
2016-10-11 20:31:22 INFO  StudentDaoImpl:36 - Calling method getStudents method
2016-10-11 20:31:22 INFO  StudentDaoImpl:36 - Calling method getStudents method
2016-10-11 20:31:22 INFO  StudentDaoImpl:36 - Calling method getStudents method
2016-10-11 20:31:22 INFO  StudentDaoImpl:36 - Calling method getStudents method
2016-10-11 20:31:22 INFO  StudentDaoImpl:36 - Calling method getStudents method
2016-10-11 20:31:22 INFO  StudentDaoImpl:36 - Calling method getStudents method
2016-10-11 20:31:22 INFO  StudentDaoImpl:36 - Calling method getStudents method
2016-10-11 20:31:22 INFO  StudentDaoImpl:36 - Calling method getStudents method
2016-10-11 20:31:22 INFO  StudentDaoImpl:36 - Calling method getStudents method
2016-10-11 20:31:22 INFO  StudentDaoImpl:36 - Calling method getStudents method
2016-10-11 20:31:22 INFO  StudentDaoImpl:36 - Calling method getStudents method
2016-10-11 20:31:22 INFO  StudentDaoImpl:36 - Calling method getStudents method
2016-10-11 20:31:22 INFO  StudentDaoImpl:36 - Calling method getStudents method
2016-10-11 20:31:22 INFO  StudentDaoImpl:36 - Calling method getStudents method
2016-10-11 20:31:22 INFO  StudentDaoImpl:36 - Calling method getStudents method
2016-10-11 20:31:22 INFO  StudentDaoImpl:36 - Calling method getStudents method
2016-10-11 20:33:35 INFO  StudentDaoImpl:36 - Calling method getStudents method
2016-10-11 20:33:52 INFO  StudentDaoImpl:96 - Calling method updateStudent update student from DB
2016-10-11 20:33:56 INFO  StudentDaoImpl:36 - Calling method getStudents method
2016-10-11 20:33:56 INFO  StudentDaoImpl:36 - Calling method getStudents method
2016-10-11 20:33:56 INFO  StudentDaoImpl:36 - Calling method getStudents method
2016-10-11 20:33:56 INFO  StudentDaoImpl:36 - Calling method getStudents method
2016-10-11 20:33:56 INFO  StudentDaoImpl:36 - Calling method getStudents method
2016-10-11 20:33:56 INFO  StudentDaoImpl:36 - Calling method getStudents method
2016-10-11 20:33:56 INFO  StudentDaoImpl:36 - Calling method getStudents method
2016-10-11 20:33:56 INFO  StudentDaoImpl:36 - Calling method getStudents method
2016-10-11 20:33:56 INFO  StudentDaoImpl:36 - Calling method getStudents method
2016-10-11 20:33:56 INFO  StudentDaoImpl:36 - Calling method getStudents method
2016-10-11 20:33:56 INFO  StudentDaoImpl:36 - Calling method getStudents method
2016-10-11 20:33:56 INFO  StudentDaoImpl:36 - Calling method getStudents method
2016-10-11 20:33:56 INFO  StudentDaoImpl:36 - Calling method getStudents method
2016-10-11 20:33:56 INFO  StudentDaoImpl:36 - Calling method getStudents method
2016-10-11 20:33:56 INFO  StudentDaoImpl:36 - Calling method getStudents method
2016-10-11 20:33:56 INFO  StudentDaoImpl:36 - Calling method getStudents method
2016-10-11 20:33:56 INFO  StudentDaoImpl:36 - Calling method getStudents method
2016-10-11 20:33:56 INFO  StudentDaoImpl:36 - Calling method getStudents method
2016-10-11 20:33:56 INFO  StudentDaoImpl:36 - Calling method getStudents method
2016-10-11 20:55:35 INFO  StudentDaoImpl:36 - Calling method getStudents method
2016-10-11 20:55:35 INFO  StudentDaoImpl:36 - Calling method getStudents method
2016-10-11 20:55:35 INFO  StudentDaoImpl:36 - Calling method getStudents method
2016-10-11 20:55:35 INFO  StudentDaoImpl:36 - Calling method getStudents method
2016-10-11 20:55:35 INFO  StudentDaoImpl:36 - Calling method getStudents method
2016-10-11 20:55:35 INFO  StudentDaoImpl:36 - Calling method getStudents method
2016-10-11 20:55:35 INFO  StudentDaoImpl:36 - Calling method getStudents method
2016-10-11 20:55:35 INFO  StudentDaoImpl:36 - Calling method getStudents method
2016-10-11 20:55:35 INFO  StudentDaoImpl:36 - Calling method getStudents method
2016-10-11 20:55:35 INFO  StudentDaoImpl:36 - Calling method getStudents method
2016-10-11 20:55:35 INFO  StudentDaoImpl:36 - Calling method getStudents method
2016-10-11 20:55:35 INFO  StudentDaoImpl:36 - Calling method getStudents method
2016-10-11 20:55:35 INFO  StudentDaoImpl:36 - Calling method getStudents method
2016-10-11 20:55:35 INFO  StudentDaoImpl:36 - Calling method getStudents method
2016-10-11 20:55:35 INFO  StudentDaoImpl:36 - Calling method getStudents method
2016-10-11 20:55:35 INFO  StudentDaoImpl:36 - Calling method getStudents method
2016-10-11 20:55:35 INFO  StudentDaoImpl:36 - Calling method getStudents method
2016-10-11 20:55:35 INFO  StudentDaoImpl:36 - Calling method getStudents method
2016-10-11 20:55:35 INFO  StudentDaoImpl:36 - Calling method getStudents method
2016-10-11 21:06:26 INFO  StudentDaoImpl:36 - Calling method getStudents method
2016-10-11 21:06:26 INFO  StudentDaoImpl:36 - Calling method getStudents method
2016-10-11 21:06:26 INFO  StudentDaoImpl:36 - Calling method getStudents method
2016-10-11 21:06:26 INFO  StudentDaoImpl:36 - Calling method getStudents method
2016-10-11 21:06:26 INFO  StudentDaoImpl:36 - Calling method getStudents method
2016-10-11 21:06:26 INFO  StudentDaoImpl:36 - Calling method getStudents method
2016-10-11 21:06:26 INFO  StudentDaoImpl:36 - Calling method getStudents method
2016-10-11 21:06:26 INFO  StudentDaoImpl:36 - Calling method getStudents method
2016-10-11 21:06:26 INFO  StudentDaoImpl:36 - Calling method getStudents method
2016-10-11 21:06:26 INFO  StudentDaoImpl:36 - Calling method getStudents method
2016-10-11 21:06:27 INFO  StudentDaoImpl:36 - Calling method getStudents method
2016-10-11 21:06:27 INFO  StudentDaoImpl:36 - Calling method getStudents method
2016-10-11 21:06:27 INFO  StudentDaoImpl:36 - Calling method getStudents method
2016-10-11 21:06:27 INFO  StudentDaoImpl:36 - Calling method getStudents method
2016-10-11 21:06:27 INFO  StudentDaoImpl:36 - Calling method getStudents method
2016-10-11 21:06:27 INFO  StudentDaoImpl:36 - Calling method getStudents method
2016-10-11 21:06:27 INFO  StudentDaoImpl:36 - Calling method getStudents method
2016-10-11 21:06:27 INFO  StudentDaoImpl:36 - Calling method getStudents method
2016-10-11 21:06:27 INFO  StudentDaoImpl:36 - Calling method getStudents method
2016-10-11 21:12:34 INFO  StudentDaoImpl:36 - Calling method getStudents method
2016-10-11 21:12:34 INFO  StudentDaoImpl:36 - Calling method getStudents method
2016-10-11 21:12:34 INFO  StudentDaoImpl:36 - Calling method getStudents method
2016-10-11 21:12:34 INFO  StudentDaoImpl:36 - Calling method getStudents method
2016-10-11 21:12:34 INFO  StudentDaoImpl:36 - Calling method getStudents method
2016-10-11 21:12:34 INFO  StudentDaoImpl:36 - Calling method getStudents method
2016-10-11 21:12:34 INFO  StudentDaoImpl:36 - Calling method getStudents method
2016-10-11 21:12:34 INFO  StudentDaoImpl:36 - Calling method getStudents method
2016-10-11 21:12:34 INFO  StudentDaoImpl:36 - Calling method getStudents method
2016-10-11 21:12:34 INFO  StudentDaoImpl:36 - Calling method getStudents method
2016-10-11 21:12:34 INFO  StudentDaoImpl:36 - Calling method getStudents method
2016-10-11 21:12:34 INFO  StudentDaoImpl:36 - Calling method getStudents method
2016-10-11 21:12:34 INFO  StudentDaoImpl:36 - Calling method getStudents method
2016-10-11 21:12:34 INFO  StudentDaoImpl:36 - Calling method getStudents method
2016-10-11 21:12:34 INFO  StudentDaoImpl:36 - Calling method getStudents method
2016-10-11 21:12:34 INFO  StudentDaoImpl:36 - Calling method getStudents method
2016-10-11 21:12:34 INFO  StudentDaoImpl:36 - Calling method getStudents method
2016-10-11 21:12:34 INFO  StudentDaoImpl:36 - Calling method getStudents method
2016-10-11 21:12:34 INFO  StudentDaoImpl:36 - Calling method getStudents method
2016-10-11 21:38:22 INFO  StudentDaoImpl:36 - Calling method getStudents method
2016-10-11 21:38:22 INFO  StudentDaoImpl:36 - Calling method getStudents method
2016-10-11 21:38:22 INFO  StudentDaoImpl:36 - Calling method getStudents method
2016-10-11 21:38:22 INFO  StudentDaoImpl:36 - Calling method getStudents method
2016-10-11 21:38:22 INFO  StudentDaoImpl:36 - Calling method getStudents method
2016-10-11 21:38:22 INFO  StudentDaoImpl:36 - Calling method getStudents method
2016-10-11 21:38:22 INFO  StudentDaoImpl:36 - Calling method getStudents method
2016-10-11 21:38:22 INFO  StudentDaoImpl:36 - Calling method getStudents method
2016-10-11 21:38:22 INFO  StudentDaoImpl:36 - Calling method getStudents method
2016-10-11 21:38:22 INFO  StudentDaoImpl:36 - Calling method getStudents method
2016-10-11 21:38:22 INFO  StudentDaoImpl:36 - Calling method getStudents method
2016-10-11 21:38:22 INFO  StudentDaoImpl:36 - Calling method getStudents method
2016-10-11 21:38:23 INFO  StudentDaoImpl:36 - Calling method getStudents method
2016-10-11 21:38:23 INFO  StudentDaoImpl:36 - Calling method getStudents method
2016-10-11 21:38:23 INFO  StudentDaoImpl:36 - Calling method getStudents method
2016-10-11 21:38:23 INFO  StudentDaoImpl:36 - Calling method getStudents method
2016-10-11 21:38:23 INFO  StudentDaoImpl:36 - Calling method getStudents method
2016-10-11 21:38:23 INFO  StudentDaoImpl:36 - Calling method getStudents method
2016-10-11 21:38:23 INFO  StudentDaoImpl:36 - Calling method getStudents method
