2016-10-09 15:22:05 INFO  StudentDaoImpl:26 - Calling getStudents method
2016-10-09 15:22:05 INFO  StudentDaoImpl:26 - Calling getStudents method
2016-10-09 15:22:05 INFO  StudentDaoImpl:26 - Calling getStudents method
2016-10-09 15:22:05 INFO  StudentDaoImpl:26 - Calling getStudents method
2016-10-09 15:22:05 INFO  StudentDaoImpl:26 - Calling getStudents method
2016-10-09 15:22:05 INFO  StudentDaoImpl:26 - Calling getStudents method
2016-10-09 15:22:06 INFO  StudentDaoImpl:26 - Calling getStudents method
2016-10-09 15:22:06 INFO  StudentDaoImpl:26 - Calling getStudents method
2016-10-09 15:22:06 INFO  StudentDaoImpl:26 - Calling getStudents method
2016-10-10 00:07:19 INFO  StudentDaoImpl:26 - Calling getStudents method
2016-10-10 00:07:19 INFO  StudentDaoImpl:26 - Calling getStudents method
2016-10-10 00:07:19 INFO  StudentDaoImpl:26 - Calling getStudents method
2016-10-10 00:07:19 INFO  StudentDaoImpl:26 - Calling getStudents method
2016-10-10 00:07:19 INFO  StudentDaoImpl:26 - Calling getStudents method
2016-10-10 00:07:19 INFO  StudentDaoImpl:26 - Calling getStudents method
2016-10-10 00:07:19 INFO  StudentDaoImpl:26 - Calling getStudents method
2016-10-10 00:07:19 INFO  StudentDaoImpl:26 - Calling getStudents method
2016-10-10 00:07:19 INFO  StudentDaoImpl:26 - Calling getStudents method
2016-10-10 15:23:33 INFO  StudentDaoImpl:26 - Calling getStudents method
2016-10-10 15:23:33 INFO  StudentDaoImpl:26 - Calling getStudents method
2016-10-10 15:23:34 INFO  StudentDaoImpl:26 - Calling getStudents method
2016-10-10 15:23:34 INFO  StudentDaoImpl:26 - Calling getStudents method
2016-10-10 15:23:34 INFO  StudentDaoImpl:26 - Calling getStudents method
2016-10-10 15:23:34 INFO  StudentDaoImpl:26 - Calling getStudents method
2016-10-10 15:23:34 INFO  StudentDaoImpl:26 - Calling getStudents method
2016-10-10 15:23:34 INFO  StudentDaoImpl:26 - Calling getStudents method
2016-10-10 15:23:34 INFO  StudentDaoImpl:26 - Calling getStudents method
2016-10-10 15:27:10 INFO  StudentDaoImpl:26 - Calling getStudents method
2016-10-10 15:27:10 INFO  StudentDaoImpl:26 - Calling getStudents method
2016-10-10 15:27:10 INFO  StudentDaoImpl:26 - Calling getStudents method
2016-10-10 15:27:10 INFO  StudentDaoImpl:26 - Calling getStudents method
2016-10-10 15:27:10 INFO  StudentDaoImpl:26 - Calling getStudents method
2016-10-10 15:27:10 INFO  StudentDaoImpl:26 - Calling getStudents method
2016-10-10 15:27:10 INFO  StudentDaoImpl:26 - Calling getStudents method
2016-10-10 15:27:10 INFO  StudentDaoImpl:26 - Calling getStudents method
2016-10-10 15:27:10 INFO  StudentDaoImpl:26 - Calling getStudents method
2016-10-10 16:05:32 INFO  StudentDaoImpl:26 - Calling getStudents method
2016-10-10 16:05:32 INFO  UtilsJdbc:32 - not connection url or not tru login or not tru pass
2016-10-10 16:32:49 INFO  StudentDaoImpl:26 - Calling getStudents method
2016-10-10 16:32:49 INFO  UtilsJdbc:32 - not connection url or not tru login or not tru pass
2016-10-10 16:32:49 INFO  StudentDaoImpl:38 - not connection null
2016-10-10 16:36:24 INFO  StudentDaoImpl:26 - Calling getStudents method
2016-10-10 16:36:24 INFO  StudentDaoImpl:26 - Calling getStudents method
2016-10-10 16:36:24 INFO  StudentDaoImpl:26 - Calling getStudents method
2016-10-10 16:36:24 INFO  StudentDaoImpl:26 - Calling getStudents method
2016-10-10 16:36:24 INFO  StudentDaoImpl:26 - Calling getStudents method
2016-10-10 16:36:24 INFO  StudentDaoImpl:26 - Calling getStudents method
2016-10-10 16:36:24 INFO  StudentDaoImpl:26 - Calling getStudents method
2016-10-10 16:36:24 INFO  StudentDaoImpl:26 - Calling getStudents method
2016-10-10 16:36:24 INFO  StudentDaoImpl:26 - Calling getStudents method
2016-10-10 16:46:36 INFO  StudentDaoImpl:26 - Calling method getStudents method
2016-10-10 16:46:36 INFO  StudentDaoImpl:26 - Calling method getStudents method
2016-10-10 16:46:36 INFO  StudentDaoImpl:26 - Calling method getStudents method
2016-10-10 16:46:36 INFO  StudentDaoImpl:26 - Calling method getStudents method
2016-10-10 16:46:36 INFO  StudentDaoImpl:26 - Calling method getStudents method
2016-10-10 16:46:36 INFO  StudentDaoImpl:26 - Calling method getStudents method
2016-10-10 16:46:36 INFO  StudentDaoImpl:26 - Calling method getStudents method
2016-10-10 16:46:36 INFO  StudentDaoImpl:26 - Calling method getStudents method
2016-10-10 16:46:36 INFO  StudentDaoImpl:26 - Calling method getStudents method
2016-10-10 16:50:43 INFO  StudentDaoImpl:26 - Calling method getStudents method
2016-10-10 16:50:43 INFO  UtilsJdbc:41 - not load driver com.mysql.jdb.Driver
2016-10-10 16:50:43 INFO  StudentDaoImpl:26 - Calling method getStudents method
2016-10-10 16:50:43 INFO  StudentDaoImpl:26 - Calling method getStudents method
2016-10-10 16:50:43 INFO  StudentDaoImpl:26 - Calling method getStudents method
2016-10-10 16:50:43 INFO  StudentDaoImpl:26 - Calling method getStudents method
2016-10-10 16:50:43 INFO  StudentDaoImpl:26 - Calling method getStudents method
2016-10-10 16:50:43 INFO  StudentDaoImpl:26 - Calling method getStudents method
2016-10-10 16:50:43 INFO  StudentDaoImpl:26 - Calling method getStudents method
2016-10-10 16:50:43 INFO  StudentDaoImpl:26 - Calling method getStudents method
2016-10-10 16:54:07 INFO  StudentDaoImpl:50 - Calling  method addStudentToDB new student
2016-10-10 17:13:28 INFO  StudentDaoImpl:26 - Calling method getStudents method
2016-10-10 17:13:28 INFO  UtilsJdbc:41 - not load driver com.mysql.jdb.Driver
2016-10-10 17:13:28 INFO  StudentDaoImpl:26 - Calling method getStudents method
2016-10-10 17:13:28 INFO  StudentDaoImpl:26 - Calling method getStudents method
2016-10-10 17:13:28 INFO  StudentDaoImpl:26 - Calling method getStudents method
2016-10-10 17:13:28 INFO  StudentDaoImpl:26 - Calling method getStudents method
2016-10-10 17:13:28 INFO  StudentDaoImpl:26 - Calling method getStudents method
2016-10-10 17:13:28 INFO  StudentDaoImpl:26 - Calling method getStudents method
2016-10-10 17:13:28 INFO  StudentDaoImpl:26 - Calling method getStudents method
2016-10-10 17:13:28 INFO  StudentDaoImpl:26 - Calling method getStudents method
2016-10-10 17:13:28 INFO  StudentDaoImpl:26 - Calling method getStudents method
2016-10-10 17:13:28 INFO  StudentDaoImpl:26 - Calling method getStudents method
2016-10-10 17:14:14 INFO  StudentDaoImpl:70 - Calling meyhod deleteStudent delete student from DB
2016-10-10 17:16:56 INFO  StudentDaoImpl:26 - Calling method getStudents method
2016-10-10 17:16:56 INFO  StudentDaoImpl:26 - Calling method getStudents method
2016-10-10 17:16:56 INFO  StudentDaoImpl:26 - Calling method getStudents method
2016-10-10 17:16:56 INFO  StudentDaoImpl:26 - Calling method getStudents method
2016-10-10 17:16:57 INFO  StudentDaoImpl:26 - Calling method getStudents method
2016-10-10 17:16:57 INFO  StudentDaoImpl:26 - Calling method getStudents method
2016-10-10 17:16:57 INFO  StudentDaoImpl:26 - Calling method getStudents method
2016-10-10 17:16:57 INFO  StudentDaoImpl:26 - Calling method getStudents method
2016-10-10 17:16:57 INFO  StudentDaoImpl:26 - Calling method getStudents method
2016-10-10 17:18:00 INFO  StudentDaoImpl:50 - Calling  method addStudentToDB create new student
2016-10-10 17:21:48 INFO  StudentDaoImpl:70 - Calling meyhod deleteStudent delete student from DB
2016-10-10 17:38:04 INFO  StudentDaoImpl:26 - Calling method getStudents method
2016-10-10 17:38:04 INFO  UtilsJdbc:41 - not load driver com.mysql.jdbc.Drive
2016-10-10 17:38:04 INFO  StudentDaoImpl:26 - Calling method getStudents method
2016-10-10 17:38:04 INFO  StudentDaoImpl:26 - Calling method getStudents method
2016-10-10 17:38:04 INFO  StudentDaoImpl:26 - Calling method getStudents method
2016-10-10 17:38:04 INFO  StudentDaoImpl:26 - Calling method getStudents method
2016-10-10 17:38:04 INFO  StudentDaoImpl:26 - Calling method getStudents method
2016-10-10 17:38:04 INFO  StudentDaoImpl:26 - Calling method getStudents method
2016-10-10 17:38:04 INFO  StudentDaoImpl:26 - Calling method getStudents method
2016-10-10 17:38:04 INFO  StudentDaoImpl:26 - Calling method getStudents method
2016-10-10 17:39:34 INFO  StudentDaoImpl:26 - Calling method getStudents method
2016-10-10 17:39:34 INFO  UtilsJdbc:41 - not load driver com.mysql.jdbc.Drive
2016-10-10 17:39:34 INFO  StudentDaoImpl:26 - Calling method getStudents method
2016-10-10 17:39:34 INFO  StudentDaoImpl:26 - Calling method getStudents method
2016-10-10 17:39:34 INFO  StudentDaoImpl:26 - Calling method getStudents method
2016-10-10 17:39:34 INFO  StudentDaoImpl:26 - Calling method getStudents method
2016-10-10 17:39:34 INFO  StudentDaoImpl:26 - Calling method getStudents method
2016-10-10 17:39:34 INFO  StudentDaoImpl:26 - Calling method getStudents method
2016-10-10 17:39:34 INFO  StudentDaoImpl:26 - Calling method getStudents method
2016-10-10 17:39:34 INFO  StudentDaoImpl:26 - Calling method getStudents method
2016-10-10 17:40:56 INFO  StudentDaoImpl:26 - Calling method getStudents method
2016-10-10 17:41:03 INFO  UtilsJdbc:32 - not connection url or not tru login or not tru pass
2016-10-10 17:41:03 INFO  StudentDaoImpl:38 - not connection null
2016-10-10 18:30:02 INFO  StudentDaoImpl:26 - Calling method getStudents method
2016-10-10 18:30:09 INFO  UtilsJdbc:32 - not connection url or not tru login or not tru pass
2016-10-10 18:30:09 INFO  StudentDaoImpl:38 - not connection null
2016-10-10 18:30:22 INFO  StudentDaoImpl:26 - Calling method getStudents method
2016-10-10 18:30:29 INFO  UtilsJdbc:32 - not connection url or not tru login or not tru pass
2016-10-10 18:30:29 INFO  StudentDaoImpl:38 - not connection null
2016-10-10 18:30:51 INFO  StudentDaoImpl:26 - Calling method getStudents method
2016-10-10 18:30:58 INFO  UtilsJdbc:32 - not connection url or not tru login or not tru pass
2016-10-10 18:30:58 INFO  StudentDaoImpl:38 - not connection null
2016-10-10 18:38:32 INFO  StudentDaoImpl:26 - Calling method getStudents method
2016-10-10 18:38:32 INFO  StudentDaoImpl:26 - Calling method getStudents method
2016-10-10 18:38:32 INFO  StudentDaoImpl:26 - Calling method getStudents method
2016-10-10 18:38:32 INFO  StudentDaoImpl:26 - Calling method getStudents method
2016-10-10 18:38:32 INFO  StudentDaoImpl:26 - Calling method getStudents method
2016-10-10 18:38:32 INFO  StudentDaoImpl:26 - Calling method getStudents method
2016-10-10 18:38:32 INFO  StudentDaoImpl:26 - Calling method getStudents method
2016-10-10 18:38:33 INFO  StudentDaoImpl:26 - Calling method getStudents method
2016-10-10 18:38:33 INFO  StudentDaoImpl:26 - Calling method getStudents method
